0 info it worked if it ends with ok
1 verbose cli [ 'C:\\Program Files\\nodejs\\\\node.exe',
1 verbose cli   'C:\\Program Files\\nodejs\\node_modules\\npm\\bin\\npm-cli.js',
1 verbose cli   'install',
1 verbose cli   'blpapi' ]
2 info using npm@1.3.24
3 info using node@v0.10.25
4 verbose node symlink C:\Program Files\nodejs\\node.exe
5 verbose cache add [ 'blpapi', null ]
6 verbose cache add name=undefined spec="blpapi" args=["blpapi",null]
7 verbose parsed url { protocol: null,
7 verbose parsed url   slashes: null,
7 verbose parsed url   auth: null,
7 verbose parsed url   host: null,
7 verbose parsed url   port: null,
7 verbose parsed url   hostname: null,
7 verbose parsed url   hash: null,
7 verbose parsed url   search: null,
7 verbose parsed url   query: null,
7 verbose parsed url   pathname: 'blpapi',
7 verbose parsed url   path: 'blpapi',
7 verbose parsed url   href: 'blpapi' }
8 silly lockFile 617afa69-blpapi blpapi
9 verbose lock blpapi C:\Users\John-Laptop\AppData\Roaming\npm-cache\617afa69-blpapi.lock
10 silly lockFile 617afa69-blpapi blpapi
11 silly lockFile 617afa69-blpapi blpapi
12 verbose addNamed [ 'blpapi', '' ]
13 verbose addNamed [ null, '*' ]
14 silly lockFile 4e71a128-blpapi blpapi@
15 verbose lock blpapi@ C:\Users\John-Laptop\AppData\Roaming\npm-cache\4e71a128-blpapi.lock
16 silly addNameRange { name: 'blpapi', range: '*', hasData: false }
17 verbose url raw blpapi
18 verbose url resolving [ 'https://registry.npmjs.org/', './blpapi' ]
19 verbose url resolved https://registry.npmjs.org/blpapi
20 info trying registry request attempt 1 at 00:00:36
21 http GET https://registry.npmjs.org/blpapi
22 http 200 https://registry.npmjs.org/blpapi
23 silly registry.get cb [ 200,
23 silly registry.get   { date: 'Sun, 09 Feb 2014 05:00:39 GMT',
23 silly registry.get     server: 'CouchDB/1.5.0 (Erlang OTP/R16B)',
23 silly registry.get     etag: '"1XEC1GN87702A71YEK55R0198"',
23 silly registry.get     'content-type': 'application/json',
23 silly registry.get     via: '1.1 varnish',
23 silly registry.get     'cache-control': 'max-age=1',
23 silly registry.get     'content-length': '30560',
23 silly registry.get     'accept-ranges': 'bytes',
23 silly registry.get     age: '398',
23 silly registry.get     'x-served-by': 'cache-v42-ASH, cache-d64-DAL',
23 silly registry.get     'x-cache': 'MISS, MISS',
23 silly registry.get     'x-cache-hits': '0, 0',
23 silly registry.get     'x-timer': 'S1391921641.584088802,VS0,VS18,VE45,VE397981',
23 silly registry.get     vary: 'Accept',
23 silly registry.get     'keep-alive': 'timeout=10, max=50',
23 silly registry.get     connection: 'Keep-Alive' } ]
24 silly addNameRange number 2 { name: 'blpapi', range: '*', hasData: true }
25 silly addNameRange versions [ 'blpapi',
25 silly addNameRange   [ '0.1.0', '0.1.1', '0.1.2', '0.1.3', '0.1.4', '0.1.5', '0.1.6' ] ]
26 verbose addNamed [ 'blpapi', '0.1.6' ]
27 verbose addNamed [ '0.1.6', '0.1.6' ]
28 silly lockFile 4505f3a3-blpapi-0-1-6 blpapi@0.1.6
29 verbose lock blpapi@0.1.6 C:\Users\John-Laptop\AppData\Roaming\npm-cache\4505f3a3-blpapi-0-1-6.lock
30 silly lockFile 3670a274-pmjs-org-blpapi-blpapi-0-1-6-tgz https://registry.npmjs.org/blpapi/-/blpapi-0.1.6.tgz
31 verbose lock https://registry.npmjs.org/blpapi/-/blpapi-0.1.6.tgz C:\Users\John-Laptop\AppData\Roaming\npm-cache\3670a274-pmjs-org-blpapi-blpapi-0-1-6-tgz.lock
32 verbose addRemoteTarball [ 'https://registry.npmjs.org/blpapi/-/blpapi-0.1.6.tgz',
32 verbose addRemoteTarball   '966f70f208e247f52068ac33a880a8c975f82e95' ]
33 info retry fetch attempt 1 at 00:00:41
34 verbose fetch to= C:\Users\JOHN-L~1\AppData\Local\Temp\npm-5492-cveayQKm\1391922041132-0.7852434297092259\tmp.tgz
35 http GET https://registry.npmjs.org/blpapi/-/blpapi-0.1.6.tgz
36 http 200 https://registry.npmjs.org/blpapi/-/blpapi-0.1.6.tgz
37 verbose tar unpack C:\Users\JOHN-L~1\AppData\Local\Temp\npm-5492-cveayQKm\1391922041132-0.7852434297092259\tmp.tgz
38 silly lockFile a559d30d-41132-0-7852434297092259-package tar://C:\Users\JOHN-L~1\AppData\Local\Temp\npm-5492-cveayQKm\1391922041132-0.7852434297092259\package
39 verbose lock tar://C:\Users\JOHN-L~1\AppData\Local\Temp\npm-5492-cveayQKm\1391922041132-0.7852434297092259\package C:\Users\John-Laptop\AppData\Roaming\npm-cache\a559d30d-41132-0-7852434297092259-package.lock
40 silly lockFile 9543735e-41132-0-7852434297092259-tmp-tgz tar://C:\Users\JOHN-L~1\AppData\Local\Temp\npm-5492-cveayQKm\1391922041132-0.7852434297092259\tmp.tgz
41 verbose lock tar://C:\Users\JOHN-L~1\AppData\Local\Temp\npm-5492-cveayQKm\1391922041132-0.7852434297092259\tmp.tgz C:\Users\John-Laptop\AppData\Roaming\npm-cache\9543735e-41132-0-7852434297092259-tmp-tgz.lock
42 silly gunzTarPerm modes [ '755', '644' ]
43 silly gunzTarPerm extractEntry package.json
44 silly gunzTarPerm extractEntry README.md
45 silly gunzTarPerm extractEntry LICENSE
46 silly gunzTarPerm extractEntry blpapi.js
47 silly gunzTarPerm extractEntry .travis.yml
48 silly gunzTarPerm extractEntry binding.gyp
49 silly gunzTarPerm extractEntry blpapijs.cpp
50 silly gunzTarPerm extractEntry deps/blpapi/LICENSE
51 silly gunzTarPerm extractEntry deps/blpapi/include/blpapi_message.h
52 silly gunzTarPerm extractEntry deps/blpapi/include/blpapi_abstractsession.h
53 silly gunzTarPerm extractEntry deps/blpapi/include/blpapi_constant.h
54 silly gunzTarPerm extractEntry deps/blpapi/include/blpapi_correlationid.h
55 silly gunzTarPerm extractEntry deps/blpapi/include/blpapi_datetime.h
56 silly gunzTarPerm extractEntry deps/blpapi/include/blpapi_defs.h
57 silly gunzTarPerm extractEntry deps/blpapi/include/blpapi_dispatchtbl.h
58 silly gunzTarPerm extractEntry deps/blpapi/include/blpapi_element.h
59 silly gunzTarPerm extractEntry deps/blpapi/include/blpapi_error.h
60 silly gunzTarPerm extractEntry deps/blpapi/include/blpapi_event.h
61 silly gunzTarPerm extractEntry deps/blpapi/include/blpapi_eventdispatcher.h
62 silly gunzTarPerm extractEntry deps/blpapi/include/blpapi_eventformatter.h
63 silly gunzTarPerm extractEntry deps/blpapi/include/blpapi_exception.h
64 silly gunzTarPerm extractEntry deps/blpapi/include/blpapi_identity.h
65 silly gunzTarPerm extractEntry deps/blpapi/include/blpapi_logging.h
66 silly gunzTarPerm extractEntry deps/blpapi/include/blpapi_call.h
67 silly gunzTarPerm extractEntry deps/blpapi/include/blpapi_name.h
68 silly gunzTarPerm extractEntry deps/blpapi/include/blpapi_providersession.h
69 silly gunzTarPerm extractEntry deps/blpapi/include/blpapi_request.h
70 silly gunzTarPerm extractEntry deps/blpapi/include/blpapi_resolutionlist.h
71 silly gunzTarPerm extractEntry deps/blpapi/include/blpapi_schema.h
72 silly gunzTarPerm extractEntry deps/blpapi/include/blpapi_service.h
73 silly gunzTarPerm extractEntry deps/blpapi/include/blpapi_session.h
74 silly gunzTarPerm extractEntry deps/blpapi/include/blpapi_sessionoptions.h
75 silly gunzTarPerm extractEntry deps/blpapi/include/blpapi_streamproxy.h
76 silly gunzTarPerm extractEntry deps/blpapi/include/blpapi_subscriptionlist.h
77 silly gunzTarPerm extractEntry deps/blpapi/include/blpapi_topic.h
78 silly gunzTarPerm extractEntry deps/blpapi/include/blpapi_topiclist.h
79 silly gunzTarPerm extractEntry deps/blpapi/include/blpapi_types.h
80 silly gunzTarPerm extractEntry deps/blpapi/include/blpapi_versioninfo.h
81 silly gunzTarPerm extractEntry deps/blpapi/linux/libblpapi3_32.so
82 silly gunzTarPerm extractEntry deps/blpapi/linux/libblpapi3_64.so
83 silly gunzTarPerm extractEntry deps/blpapi/osx/libblpapi3_32.so
84 silly gunzTarPerm extractEntry deps/blpapi/osx/libblpapi3_64.so
85 silly gunzTarPerm extractEntry deps/blpapi/win/blpapi3_32.lib
86 silly gunzTarPerm extractEntry deps/blpapi/win/blpapi3_64.lib
87 silly gunzTarPerm extractEntry examples/AuthorizationApplication.js
88 silly gunzTarPerm extractEntry examples/FieldSearchRequest.js
89 silly gunzTarPerm extractEntry examples/HistoricalDataRequest.js
90 silly gunzTarPerm extractEntry examples/IntradayBarRequest.js
91 silly gunzTarPerm extractEntry examples/Console.js
92 silly gunzTarPerm extractEntry examples/MarketBarSubscription.js
93 silly gunzTarPerm extractEntry examples/MarketSubUnsubscription.js
94 silly gunzTarPerm extractEntry examples/MarketSubscription.js
95 silly gunzTarPerm extractEntry examples/MarketVwapSubscription.js
96 silly gunzTarPerm extractEntry examples/OptionChain.js
97 silly gunzTarPerm extractEntry examples/IntradayTickRequest.js
98 silly lockFile a559d30d-41132-0-7852434297092259-package tar://C:\Users\JOHN-L~1\AppData\Local\Temp\npm-5492-cveayQKm\1391922041132-0.7852434297092259\package
99 silly lockFile a559d30d-41132-0-7852434297092259-package tar://C:\Users\JOHN-L~1\AppData\Local\Temp\npm-5492-cveayQKm\1391922041132-0.7852434297092259\package
100 silly lockFile 9543735e-41132-0-7852434297092259-tmp-tgz tar://C:\Users\JOHN-L~1\AppData\Local\Temp\npm-5492-cveayQKm\1391922041132-0.7852434297092259\tmp.tgz
101 silly lockFile 9543735e-41132-0-7852434297092259-tmp-tgz tar://C:\Users\JOHN-L~1\AppData\Local\Temp\npm-5492-cveayQKm\1391922041132-0.7852434297092259\tmp.tgz
102 verbose tar pack [ 'C:\\Users\\John-Laptop\\AppData\\Roaming\\npm-cache\\blpapi\\0.1.6\\package.tgz',
102 verbose tar pack   'C:\\Users\\JOHN-L~1\\AppData\\Local\\Temp\\npm-5492-cveayQKm\\1391922041132-0.7852434297092259\\package' ]
103 verbose tarball C:\Users\John-Laptop\AppData\Roaming\npm-cache\blpapi\0.1.6\package.tgz
104 verbose folder C:\Users\JOHN-L~1\AppData\Local\Temp\npm-5492-cveayQKm\1391922041132-0.7852434297092259\package
105 silly lockFile a559d30d-41132-0-7852434297092259-package tar://C:\Users\JOHN-L~1\AppData\Local\Temp\npm-5492-cveayQKm\1391922041132-0.7852434297092259\package
106 verbose lock tar://C:\Users\JOHN-L~1\AppData\Local\Temp\npm-5492-cveayQKm\1391922041132-0.7852434297092259\package C:\Users\John-Laptop\AppData\Roaming\npm-cache\a559d30d-41132-0-7852434297092259-package.lock
107 silly lockFile fca413df-m-cache-blpapi-0-1-6-package-tgz tar://C:\Users\John-Laptop\AppData\Roaming\npm-cache\blpapi\0.1.6\package.tgz
108 verbose lock tar://C:\Users\John-Laptop\AppData\Roaming\npm-cache\blpapi\0.1.6\package.tgz C:\Users\John-Laptop\AppData\Roaming\npm-cache\fca413df-m-cache-blpapi-0-1-6-package-tgz.lock
109 silly lockFile a559d30d-41132-0-7852434297092259-package tar://C:\Users\JOHN-L~1\AppData\Local\Temp\npm-5492-cveayQKm\1391922041132-0.7852434297092259\package
110 silly lockFile a559d30d-41132-0-7852434297092259-package tar://C:\Users\JOHN-L~1\AppData\Local\Temp\npm-5492-cveayQKm\1391922041132-0.7852434297092259\package
111 silly lockFile fca413df-m-cache-blpapi-0-1-6-package-tgz tar://C:\Users\John-Laptop\AppData\Roaming\npm-cache\blpapi\0.1.6\package.tgz
112 silly lockFile fca413df-m-cache-blpapi-0-1-6-package-tgz tar://C:\Users\John-Laptop\AppData\Roaming\npm-cache\blpapi\0.1.6\package.tgz
113 silly lockFile 1aa4386d-g-npm-cache-blpapi-0-1-6-package C:\Users\John-Laptop\AppData\Roaming\npm-cache\blpapi\0.1.6\package
114 verbose lock C:\Users\John-Laptop\AppData\Roaming\npm-cache\blpapi\0.1.6\package C:\Users\John-Laptop\AppData\Roaming\npm-cache\1aa4386d-g-npm-cache-blpapi-0-1-6-package.lock
115 silly lockFile 1aa4386d-g-npm-cache-blpapi-0-1-6-package C:\Users\John-Laptop\AppData\Roaming\npm-cache\blpapi\0.1.6\package
116 silly lockFile 1aa4386d-g-npm-cache-blpapi-0-1-6-package C:\Users\John-Laptop\AppData\Roaming\npm-cache\blpapi\0.1.6\package
117 verbose tar unpack C:\Users\John-Laptop\AppData\Roaming\npm-cache\blpapi\0.1.6\package.tgz
118 silly lockFile e4708f2a-g-npm-cache-blpapi-0-1-6-package tar://C:\Users\John-Laptop\AppData\Roaming\npm-cache\blpapi\0.1.6\package
119 verbose lock tar://C:\Users\John-Laptop\AppData\Roaming\npm-cache\blpapi\0.1.6\package C:\Users\John-Laptop\AppData\Roaming\npm-cache\e4708f2a-g-npm-cache-blpapi-0-1-6-package.lock
120 silly lockFile fca413df-m-cache-blpapi-0-1-6-package-tgz tar://C:\Users\John-Laptop\AppData\Roaming\npm-cache\blpapi\0.1.6\package.tgz
121 verbose lock tar://C:\Users\John-Laptop\AppData\Roaming\npm-cache\blpapi\0.1.6\package.tgz C:\Users\John-Laptop\AppData\Roaming\npm-cache\fca413df-m-cache-blpapi-0-1-6-package-tgz.lock
122 silly gunzTarPerm modes [ '755', '644' ]
123 silly gunzTarPerm extractEntry package.json
124 silly gunzTarPerm modified mode [ 'package.json', 438, 420 ]
125 silly gunzTarPerm extractEntry README.md
126 silly gunzTarPerm modified mode [ 'README.md', 438, 420 ]
127 silly gunzTarPerm extractEntry LICENSE
128 silly gunzTarPerm modified mode [ 'LICENSE', 438, 420 ]
129 silly gunzTarPerm extractEntry blpapi.js
130 silly gunzTarPerm modified mode [ 'blpapi.js', 438, 420 ]
131 silly gunzTarPerm extractEntry .travis.yml
132 silly gunzTarPerm modified mode [ '.travis.yml', 438, 420 ]
133 silly gunzTarPerm extractEntry binding.gyp
134 silly gunzTarPerm modified mode [ 'binding.gyp', 438, 420 ]
135 silly gunzTarPerm extractEntry blpapijs.cpp
136 silly gunzTarPerm modified mode [ 'blpapijs.cpp', 438, 420 ]
137 silly gunzTarPerm extractEntry deps/blpapi/LICENSE
138 silly gunzTarPerm modified mode [ 'deps/blpapi/LICENSE', 438, 420 ]
139 silly gunzTarPerm extractEntry deps/blpapi/include/blpapi_message.h
140 silly gunzTarPerm modified mode [ 'deps/blpapi/include/blpapi_message.h', 438, 420 ]
141 silly gunzTarPerm extractEntry deps/blpapi/include/blpapi_abstractsession.h
142 silly gunzTarPerm modified mode [ 'deps/blpapi/include/blpapi_abstractsession.h', 438, 420 ]
143 silly gunzTarPerm extractEntry deps/blpapi/include/blpapi_constant.h
144 silly gunzTarPerm modified mode [ 'deps/blpapi/include/blpapi_constant.h', 438, 420 ]
145 silly gunzTarPerm extractEntry deps/blpapi/include/blpapi_correlationid.h
146 silly gunzTarPerm modified mode [ 'deps/blpapi/include/blpapi_correlationid.h', 438, 420 ]
147 silly gunzTarPerm extractEntry deps/blpapi/include/blpapi_datetime.h
148 silly gunzTarPerm modified mode [ 'deps/blpapi/include/blpapi_datetime.h', 438, 420 ]
149 silly gunzTarPerm extractEntry deps/blpapi/include/blpapi_defs.h
150 silly gunzTarPerm modified mode [ 'deps/blpapi/include/blpapi_defs.h', 438, 420 ]
151 silly gunzTarPerm extractEntry deps/blpapi/include/blpapi_dispatchtbl.h
152 silly gunzTarPerm modified mode [ 'deps/blpapi/include/blpapi_dispatchtbl.h', 438, 420 ]
153 silly gunzTarPerm extractEntry deps/blpapi/include/blpapi_element.h
154 silly gunzTarPerm modified mode [ 'deps/blpapi/include/blpapi_element.h', 438, 420 ]
155 silly gunzTarPerm extractEntry deps/blpapi/include/blpapi_error.h
156 silly gunzTarPerm modified mode [ 'deps/blpapi/include/blpapi_error.h', 438, 420 ]
157 silly gunzTarPerm extractEntry deps/blpapi/include/blpapi_event.h
158 silly gunzTarPerm modified mode [ 'deps/blpapi/include/blpapi_event.h', 438, 420 ]
159 silly gunzTarPerm extractEntry deps/blpapi/include/blpapi_eventdispatcher.h
160 silly gunzTarPerm modified mode [ 'deps/blpapi/include/blpapi_eventdispatcher.h', 438, 420 ]
161 silly gunzTarPerm extractEntry deps/blpapi/include/blpapi_eventformatter.h
162 silly gunzTarPerm modified mode [ 'deps/blpapi/include/blpapi_eventformatter.h', 438, 420 ]
163 silly gunzTarPerm extractEntry deps/blpapi/include/blpapi_exception.h
164 silly gunzTarPerm modified mode [ 'deps/blpapi/include/blpapi_exception.h', 438, 420 ]
165 silly gunzTarPerm extractEntry deps/blpapi/include/blpapi_identity.h
166 silly gunzTarPerm modified mode [ 'deps/blpapi/include/blpapi_identity.h', 438, 420 ]
167 silly gunzTarPerm extractEntry deps/blpapi/include/blpapi_logging.h
168 silly gunzTarPerm modified mode [ 'deps/blpapi/include/blpapi_logging.h', 438, 420 ]
169 silly gunzTarPerm extractEntry deps/blpapi/include/blpapi_call.h
170 silly gunzTarPerm modified mode [ 'deps/blpapi/include/blpapi_call.h', 438, 420 ]
171 silly gunzTarPerm extractEntry deps/blpapi/include/blpapi_name.h
172 silly gunzTarPerm modified mode [ 'deps/blpapi/include/blpapi_name.h', 438, 420 ]
173 silly gunzTarPerm extractEntry deps/blpapi/include/blpapi_providersession.h
174 silly gunzTarPerm modified mode [ 'deps/blpapi/include/blpapi_providersession.h', 438, 420 ]
175 silly gunzTarPerm extractEntry deps/blpapi/include/blpapi_request.h
176 silly gunzTarPerm modified mode [ 'deps/blpapi/include/blpapi_request.h', 438, 420 ]
177 silly gunzTarPerm extractEntry deps/blpapi/include/blpapi_resolutionlist.h
178 silly gunzTarPerm modified mode [ 'deps/blpapi/include/blpapi_resolutionlist.h', 438, 420 ]
179 silly gunzTarPerm extractEntry deps/blpapi/include/blpapi_schema.h
180 silly gunzTarPerm modified mode [ 'deps/blpapi/include/blpapi_schema.h', 438, 420 ]
181 silly gunzTarPerm extractEntry deps/blpapi/include/blpapi_service.h
182 silly gunzTarPerm modified mode [ 'deps/blpapi/include/blpapi_service.h', 438, 420 ]
183 silly gunzTarPerm extractEntry deps/blpapi/include/blpapi_session.h
184 silly gunzTarPerm modified mode [ 'deps/blpapi/include/blpapi_session.h', 438, 420 ]
185 silly gunzTarPerm extractEntry deps/blpapi/include/blpapi_sessionoptions.h
186 silly gunzTarPerm modified mode [ 'deps/blpapi/include/blpapi_sessionoptions.h', 438, 420 ]
187 silly gunzTarPerm extractEntry deps/blpapi/include/blpapi_streamproxy.h
188 silly gunzTarPerm modified mode [ 'deps/blpapi/include/blpapi_streamproxy.h', 438, 420 ]
189 silly gunzTarPerm extractEntry deps/blpapi/include/blpapi_subscriptionlist.h
190 silly gunzTarPerm modified mode [ 'deps/blpapi/include/blpapi_subscriptionlist.h', 438, 420 ]
191 silly gunzTarPerm extractEntry deps/blpapi/include/blpapi_topic.h
192 silly gunzTarPerm modified mode [ 'deps/blpapi/include/blpapi_topic.h', 438, 420 ]
193 silly gunzTarPerm extractEntry deps/blpapi/include/blpapi_topiclist.h
194 silly gunzTarPerm modified mode [ 'deps/blpapi/include/blpapi_topiclist.h', 438, 420 ]
195 silly gunzTarPerm extractEntry deps/blpapi/include/blpapi_types.h
196 silly gunzTarPerm modified mode [ 'deps/blpapi/include/blpapi_types.h', 438, 420 ]
197 silly gunzTarPerm extractEntry deps/blpapi/include/blpapi_versioninfo.h
198 silly gunzTarPerm modified mode [ 'deps/blpapi/include/blpapi_versioninfo.h', 438, 420 ]
199 silly gunzTarPerm extractEntry deps/blpapi/linux/libblpapi3_32.so
200 silly gunzTarPerm modified mode [ 'deps/blpapi/linux/libblpapi3_32.so', 438, 420 ]
201 silly gunzTarPerm extractEntry deps/blpapi/linux/libblpapi3_64.so
202 silly gunzTarPerm modified mode [ 'deps/blpapi/linux/libblpapi3_64.so', 438, 420 ]
203 silly gunzTarPerm extractEntry deps/blpapi/osx/libblpapi3_32.so
204 silly gunzTarPerm modified mode [ 'deps/blpapi/osx/libblpapi3_32.so', 438, 420 ]
205 silly gunzTarPerm extractEntry deps/blpapi/osx/libblpapi3_64.so
206 silly gunzTarPerm modified mode [ 'deps/blpapi/osx/libblpapi3_64.so', 438, 420 ]
207 silly gunzTarPerm extractEntry deps/blpapi/win/blpapi3_32.lib
208 silly gunzTarPerm modified mode [ 'deps/blpapi/win/blpapi3_32.lib', 438, 420 ]
209 silly gunzTarPerm extractEntry deps/blpapi/win/blpapi3_64.lib
210 silly gunzTarPerm modified mode [ 'deps/blpapi/win/blpapi3_64.lib', 438, 420 ]
211 silly gunzTarPerm extractEntry examples/AuthorizationApplication.js
212 silly gunzTarPerm modified mode [ 'examples/AuthorizationApplication.js', 438, 420 ]
213 silly gunzTarPerm extractEntry examples/FieldSearchRequest.js
214 silly gunzTarPerm modified mode [ 'examples/FieldSearchRequest.js', 438, 420 ]
215 silly gunzTarPerm extractEntry examples/HistoricalDataRequest.js
216 silly gunzTarPerm modified mode [ 'examples/HistoricalDataRequest.js', 438, 420 ]
217 silly gunzTarPerm extractEntry examples/IntradayBarRequest.js
218 silly gunzTarPerm modified mode [ 'examples/IntradayBarRequest.js', 438, 420 ]
219 silly gunzTarPerm extractEntry examples/Console.js
220 silly gunzTarPerm modified mode [ 'examples/Console.js', 438, 420 ]
221 silly gunzTarPerm extractEntry examples/MarketBarSubscription.js
222 silly gunzTarPerm modified mode [ 'examples/MarketBarSubscription.js', 438, 420 ]
223 silly gunzTarPerm extractEntry examples/MarketSubscription.js
224 silly gunzTarPerm modified mode [ 'examples/MarketSubscription.js', 438, 420 ]
225 silly gunzTarPerm extractEntry examples/MarketSubUnsubscription.js
226 silly gunzTarPerm modified mode [ 'examples/MarketSubUnsubscription.js', 438, 420 ]
227 silly gunzTarPerm extractEntry examples/MarketVwapSubscription.js
228 silly gunzTarPerm modified mode [ 'examples/MarketVwapSubscription.js', 438, 420 ]
229 silly gunzTarPerm extractEntry examples/OptionChain.js
230 silly gunzTarPerm modified mode [ 'examples/OptionChain.js', 438, 420 ]
231 silly gunzTarPerm extractEntry examples/IntradayTickRequest.js
232 silly gunzTarPerm modified mode [ 'examples/IntradayTickRequest.js', 438, 420 ]
233 silly lockFile e4708f2a-g-npm-cache-blpapi-0-1-6-package tar://C:\Users\John-Laptop\AppData\Roaming\npm-cache\blpapi\0.1.6\package
234 silly lockFile e4708f2a-g-npm-cache-blpapi-0-1-6-package tar://C:\Users\John-Laptop\AppData\Roaming\npm-cache\blpapi\0.1.6\package
235 silly lockFile fca413df-m-cache-blpapi-0-1-6-package-tgz tar://C:\Users\John-Laptop\AppData\Roaming\npm-cache\blpapi\0.1.6\package.tgz
236 silly lockFile fca413df-m-cache-blpapi-0-1-6-package-tgz tar://C:\Users\John-Laptop\AppData\Roaming\npm-cache\blpapi\0.1.6\package.tgz
237 verbose chmod C:\Users\John-Laptop\AppData\Roaming\npm-cache\blpapi\0.1.6\package.tgz 644
238 silly chown skipping for windows C:\Users\John-Laptop\AppData\Roaming\npm-cache\blpapi\0.1.6\package.tgz
239 silly lockFile 3670a274-pmjs-org-blpapi-blpapi-0-1-6-tgz https://registry.npmjs.org/blpapi/-/blpapi-0.1.6.tgz
240 silly lockFile 3670a274-pmjs-org-blpapi-blpapi-0-1-6-tgz https://registry.npmjs.org/blpapi/-/blpapi-0.1.6.tgz
241 silly lockFile 4505f3a3-blpapi-0-1-6 blpapi@0.1.6
242 silly lockFile 4505f3a3-blpapi-0-1-6 blpapi@0.1.6
243 silly lockFile 4e71a128-blpapi blpapi@
244 silly lockFile 4e71a128-blpapi blpapi@
245 silly resolved [ { name: 'blpapi',
245 silly resolved     version: '0.1.6',
245 silly resolved     main: './blpapi.js',
245 silly resolved     description: 'Bloomberg Open API (BLPAPI) binding for node.js',
245 silly resolved     os: [ 'linux', 'win32', 'darwin' ],
245 silly resolved     cpu: [ 'x64', 'ia32' ],
245 silly resolved     scripts: { install: 'node-gyp configure build' },
245 silly resolved     repository:
245 silly resolved      { type: 'git',
245 silly resolved        url: 'https://github.com/bloomberg/node-blpapi.git' },
245 silly resolved     bugs:
245 silly resolved      { url: 'https://github.com/bloomberg/node-blpapi/issues',
245 silly resolved        email: 'open-tech@bloomberg.net' },
245 silly resolved     maintainers: [ [Object] ],
245 silly resolved     keywords:
245 silly resolved      [ 'finance',
245 silly resolved        'stocks',
245 silly resolved        'stock',
245 silly resolved        'quotes',
245 silly resolved        'tick',
245 silly resolved        'realtime',
245 silly resolved        'market' ],
245 silly resolved     license: 'MIT',
245 silly resolved     engines: { node: '>=0.6' },
245 silly resolved     readme: '[![build status](https://secure.travis-ci.org/bloomberg/node-blpapi.png)](http://travis-ci.org/bloomberg/node-blpapi)\nnode-blpapi\n===========\n\n[Bloomberg Open API] binding for [Node.js].\n\nFind source code in the [Github repository].\n\n[Bloomberg Open API]: http://openbloomberg.com/open-api\n[Node.js]: http://nodejs.org\n[Github repository]: https://github.com/bloomberg/node-blpapi\n\nDependencies\n------------\n\nThis module requires:\n\n+ Node.js version >= **0.6.x**\n+ Linux, Windows, or Mac OS X (32 or 64-bit)\n+ GCC (Linux), MSVC++ (Windows), or Xcode (Mac OS X)\n+ Bloomberg Desktop API (DAPI), Server API (SAPI), or [B-PIPE] subscription\n\nThis module includes:\n\n+ [Bloomberg BLPAPI C++ SDK] v3.6.3.1 (Linux/Windows), v3.6.2.1 (Mac OS X)\n\n[Bloomberg BLPAPI C++ SDK]: http://openbloomberg.com/open-api\n[B-PIPE]: http://www.bloomberg.com/enterprise/enterprise_products/data_optimization/data_feeds\n\nInstallation\n------------\n\nFrom your project directory, run:\n\n```\n$ npm install blpapi\n```\n\nTo install directly from github source, run:\n\n```\n$ npm install git://github.com/bloomberg/node-blpapi.git\n```\n\nThis will download and build `blpapi` in `node_modules/`.\n\n**Note:** Windows users using the Express version of Visual Studio may not\nhave the 64-bit compiler platform installed. If errors are seen related\nto the `x64` platform not being found, please force a 32-bit arch before\ninvoking `npm` by running from the command shell:\n\n```\n> set npm_config_arch="ia32"\n```\n\nUsage\n-----\n\nThe module design closely follows the BLPAPI SDK design, with slight\nmodifications in syntax for easier consumption in Javascript.  The SDK\ndeveloper\'s guide should serve as the main guide for the module\'s\nfunctionality.\n\nFull examples contained in the `examples` directory demonstrate how to\nuse most SDK functionality.  Full descriptions of all availabe requests,\nresponses, and options are contained within the BLPAPI API\n[Developer Guide](http://www.openbloomberg.com/files/2012/03/blpapi-developers-guide.pdf).\n\n\n### Opening A Session ###\n\n    var blpapi = require(\'blpapi\');\n    var session = new blpapi.Session({ host: \'127.0.0.1\', port: 8194 });\n\n    session.on(\'SessionStarted\', function(m) {\n        // ready for work\n    });\n\n### Opening A Subscription Service ###\n\n    var service_id = 1;\n\n    session.on(\'SessionStarted\', function(m) {\n        session.openService(\'//blp/mktdata\', service_id);\n    });\n\n    session.on(\'ServiceOpened\', function(m) {\n        // m.correlations[0].value == service_id\n        // ready for subscriptions\n    });\n\n### Subscribing To Market Data ###\n\n    var securities = [\n        { security: \'AAPL US Equity\', correlation: 0, fields: [\'LAST_TRADE\'] },\n        { security: \'GOOG US Equity\', correlation: 1, fields: [\'LAST_TRADE\'] }\n    ];\n\n    session.on(\'ServiceOpened\', function(m) {\n        if (m.correlations[0].value == service_id) {\n            session.subscribe(securities);\n        }\n    });\n\n    session.on(\'MarketDataEvents\', function(m) {\n        if (m.data.hasOwnProperty(\'LAST_TRADE\')) {\n            console.log(securities[m.correlations[0].value].security,\n                        \'LAST_TRADE\', m.data.LAST_TRADE);\n            // outputs:\n            // AAPL US Equity LAST_TRADE 600.00\n            // AAPL US Equity LAST_TRADE 601.00\n            // GOOG US Equity LAST_TRADE 650.00\n            // ...\n        }\n    });\n\nLicense\n-------\n\nMIT license. See license text in [LICENSE](https://github.com/bloomberg/node-blpapi/blob/master/LICENSE).\n',
245 silly resolved     readmeFilename: 'README.md',
245 silly resolved     homepage: 'https://github.com/bloomberg/node-blpapi',
245 silly resolved     _id: 'blpapi@0.1.6',
245 silly resolved     dist: { shasum: '039ade08bc82058345c6ad06d3561d9ab9ec4258' },
245 silly resolved     _from: 'blpapi@',
245 silly resolved     _resolved: 'https://registry.npmjs.org/blpapi/-/blpapi-0.1.6.tgz' } ]
246 info install blpapi@0.1.6 into C:\Users\John-Laptop\Documents\GitHub\BoilerMake
247 info installOne blpapi@0.1.6
248 info C:\Users\John-Laptop\Documents\GitHub\BoilerMake\node_modules\blpapi unbuild
249 verbose tar unpack C:\Users\John-Laptop\AppData\Roaming\npm-cache\blpapi\0.1.6\package.tgz
250 silly lockFile a0a66bdf-b-BoilerMake-node-modules-blpapi tar://C:\Users\John-Laptop\Documents\GitHub\BoilerMake\node_modules\blpapi
251 verbose lock tar://C:\Users\John-Laptop\Documents\GitHub\BoilerMake\node_modules\blpapi C:\Users\John-Laptop\AppData\Roaming\npm-cache\a0a66bdf-b-BoilerMake-node-modules-blpapi.lock
252 silly lockFile fca413df-m-cache-blpapi-0-1-6-package-tgz tar://C:\Users\John-Laptop\AppData\Roaming\npm-cache\blpapi\0.1.6\package.tgz
253 verbose lock tar://C:\Users\John-Laptop\AppData\Roaming\npm-cache\blpapi\0.1.6\package.tgz C:\Users\John-Laptop\AppData\Roaming\npm-cache\fca413df-m-cache-blpapi-0-1-6-package-tgz.lock
254 silly gunzTarPerm modes [ '755', '644' ]
255 silly gunzTarPerm extractEntry package.json
256 silly gunzTarPerm modified mode [ 'package.json', 438, 420 ]
257 silly gunzTarPerm extractEntry README.md
258 silly gunzTarPerm modified mode [ 'README.md', 438, 420 ]
259 silly gunzTarPerm extractEntry LICENSE
260 silly gunzTarPerm modified mode [ 'LICENSE', 438, 420 ]
261 silly gunzTarPerm extractEntry blpapi.js
262 silly gunzTarPerm modified mode [ 'blpapi.js', 438, 420 ]
263 silly gunzTarPerm extractEntry .travis.yml
264 silly gunzTarPerm modified mode [ '.travis.yml', 438, 420 ]
265 silly gunzTarPerm extractEntry binding.gyp
266 silly gunzTarPerm modified mode [ 'binding.gyp', 438, 420 ]
267 silly gunzTarPerm extractEntry blpapijs.cpp
268 silly gunzTarPerm modified mode [ 'blpapijs.cpp', 438, 420 ]
269 silly gunzTarPerm extractEntry deps/blpapi/LICENSE
270 silly gunzTarPerm modified mode [ 'deps/blpapi/LICENSE', 438, 420 ]
271 silly gunzTarPerm extractEntry deps/blpapi/include/blpapi_message.h
272 silly gunzTarPerm modified mode [ 'deps/blpapi/include/blpapi_message.h', 438, 420 ]
273 silly gunzTarPerm extractEntry deps/blpapi/include/blpapi_abstractsession.h
274 silly gunzTarPerm modified mode [ 'deps/blpapi/include/blpapi_abstractsession.h', 438, 420 ]
275 silly gunzTarPerm extractEntry deps/blpapi/include/blpapi_constant.h
276 silly gunzTarPerm modified mode [ 'deps/blpapi/include/blpapi_constant.h', 438, 420 ]
277 silly gunzTarPerm extractEntry deps/blpapi/include/blpapi_correlationid.h
278 silly gunzTarPerm modified mode [ 'deps/blpapi/include/blpapi_correlationid.h', 438, 420 ]
279 silly gunzTarPerm extractEntry deps/blpapi/include/blpapi_datetime.h
280 silly gunzTarPerm modified mode [ 'deps/blpapi/include/blpapi_datetime.h', 438, 420 ]
281 silly gunzTarPerm extractEntry deps/blpapi/include/blpapi_defs.h
282 silly gunzTarPerm modified mode [ 'deps/blpapi/include/blpapi_defs.h', 438, 420 ]
283 silly gunzTarPerm extractEntry deps/blpapi/include/blpapi_dispatchtbl.h
284 silly gunzTarPerm modified mode [ 'deps/blpapi/include/blpapi_dispatchtbl.h', 438, 420 ]
285 silly gunzTarPerm extractEntry deps/blpapi/include/blpapi_element.h
286 silly gunzTarPerm modified mode [ 'deps/blpapi/include/blpapi_element.h', 438, 420 ]
287 silly gunzTarPerm extractEntry deps/blpapi/include/blpapi_error.h
288 silly gunzTarPerm modified mode [ 'deps/blpapi/include/blpapi_error.h', 438, 420 ]
289 silly gunzTarPerm extractEntry deps/blpapi/include/blpapi_event.h
290 silly gunzTarPerm modified mode [ 'deps/blpapi/include/blpapi_event.h', 438, 420 ]
291 silly gunzTarPerm extractEntry deps/blpapi/include/blpapi_eventdispatcher.h
292 silly gunzTarPerm modified mode [ 'deps/blpapi/include/blpapi_eventdispatcher.h', 438, 420 ]
293 silly gunzTarPerm extractEntry deps/blpapi/include/blpapi_eventformatter.h
294 silly gunzTarPerm modified mode [ 'deps/blpapi/include/blpapi_eventformatter.h', 438, 420 ]
295 silly gunzTarPerm extractEntry deps/blpapi/include/blpapi_exception.h
296 silly gunzTarPerm modified mode [ 'deps/blpapi/include/blpapi_exception.h', 438, 420 ]
297 silly gunzTarPerm extractEntry deps/blpapi/include/blpapi_identity.h
298 silly gunzTarPerm modified mode [ 'deps/blpapi/include/blpapi_identity.h', 438, 420 ]
299 silly gunzTarPerm extractEntry deps/blpapi/include/blpapi_logging.h
300 silly gunzTarPerm modified mode [ 'deps/blpapi/include/blpapi_logging.h', 438, 420 ]
301 silly gunzTarPerm extractEntry deps/blpapi/include/blpapi_call.h
302 silly gunzTarPerm modified mode [ 'deps/blpapi/include/blpapi_call.h', 438, 420 ]
303 silly gunzTarPerm extractEntry deps/blpapi/include/blpapi_name.h
304 silly gunzTarPerm modified mode [ 'deps/blpapi/include/blpapi_name.h', 438, 420 ]
305 silly gunzTarPerm extractEntry deps/blpapi/include/blpapi_providersession.h
306 silly gunzTarPerm modified mode [ 'deps/blpapi/include/blpapi_providersession.h', 438, 420 ]
307 silly gunzTarPerm extractEntry deps/blpapi/include/blpapi_request.h
308 silly gunzTarPerm modified mode [ 'deps/blpapi/include/blpapi_request.h', 438, 420 ]
309 silly gunzTarPerm extractEntry deps/blpapi/include/blpapi_resolutionlist.h
310 silly gunzTarPerm modified mode [ 'deps/blpapi/include/blpapi_resolutionlist.h', 438, 420 ]
311 silly gunzTarPerm extractEntry deps/blpapi/include/blpapi_schema.h
312 silly gunzTarPerm modified mode [ 'deps/blpapi/include/blpapi_schema.h', 438, 420 ]
313 silly gunzTarPerm extractEntry deps/blpapi/include/blpapi_service.h
314 silly gunzTarPerm modified mode [ 'deps/blpapi/include/blpapi_service.h', 438, 420 ]
315 silly gunzTarPerm extractEntry deps/blpapi/include/blpapi_session.h
316 silly gunzTarPerm modified mode [ 'deps/blpapi/include/blpapi_session.h', 438, 420 ]
317 silly gunzTarPerm extractEntry deps/blpapi/include/blpapi_sessionoptions.h
318 silly gunzTarPerm modified mode [ 'deps/blpapi/include/blpapi_sessionoptions.h', 438, 420 ]
319 silly gunzTarPerm extractEntry deps/blpapi/include/blpapi_streamproxy.h
320 silly gunzTarPerm modified mode [ 'deps/blpapi/include/blpapi_streamproxy.h', 438, 420 ]
321 silly gunzTarPerm extractEntry deps/blpapi/include/blpapi_subscriptionlist.h
322 silly gunzTarPerm modified mode [ 'deps/blpapi/include/blpapi_subscriptionlist.h', 438, 420 ]
323 silly gunzTarPerm extractEntry deps/blpapi/include/blpapi_topic.h
324 silly gunzTarPerm modified mode [ 'deps/blpapi/include/blpapi_topic.h', 438, 420 ]
325 silly gunzTarPerm extractEntry deps/blpapi/include/blpapi_topiclist.h
326 silly gunzTarPerm modified mode [ 'deps/blpapi/include/blpapi_topiclist.h', 438, 420 ]
327 silly gunzTarPerm extractEntry deps/blpapi/include/blpapi_types.h
328 silly gunzTarPerm modified mode [ 'deps/blpapi/include/blpapi_types.h', 438, 420 ]
329 silly gunzTarPerm extractEntry deps/blpapi/include/blpapi_versioninfo.h
330 silly gunzTarPerm modified mode [ 'deps/blpapi/include/blpapi_versioninfo.h', 438, 420 ]
331 silly gunzTarPerm extractEntry deps/blpapi/linux/libblpapi3_32.so
332 silly gunzTarPerm modified mode [ 'deps/blpapi/linux/libblpapi3_32.so', 438, 420 ]
333 silly gunzTarPerm extractEntry deps/blpapi/linux/libblpapi3_64.so
334 silly gunzTarPerm modified mode [ 'deps/blpapi/linux/libblpapi3_64.so', 438, 420 ]
335 silly gunzTarPerm extractEntry deps/blpapi/osx/libblpapi3_32.so
336 silly gunzTarPerm modified mode [ 'deps/blpapi/osx/libblpapi3_32.so', 438, 420 ]
337 silly gunzTarPerm extractEntry deps/blpapi/osx/libblpapi3_64.so
338 silly gunzTarPerm modified mode [ 'deps/blpapi/osx/libblpapi3_64.so', 438, 420 ]
339 silly gunzTarPerm extractEntry deps/blpapi/win/blpapi3_32.lib
340 silly gunzTarPerm modified mode [ 'deps/blpapi/win/blpapi3_32.lib', 438, 420 ]
341 silly gunzTarPerm extractEntry deps/blpapi/win/blpapi3_64.lib
342 silly gunzTarPerm modified mode [ 'deps/blpapi/win/blpapi3_64.lib', 438, 420 ]
343 silly gunzTarPerm extractEntry examples/AuthorizationApplication.js
344 silly gunzTarPerm modified mode [ 'examples/AuthorizationApplication.js', 438, 420 ]
345 silly gunzTarPerm extractEntry examples/FieldSearchRequest.js
346 silly gunzTarPerm modified mode [ 'examples/FieldSearchRequest.js', 438, 420 ]
347 silly gunzTarPerm extractEntry examples/HistoricalDataRequest.js
348 silly gunzTarPerm modified mode [ 'examples/HistoricalDataRequest.js', 438, 420 ]
349 silly gunzTarPerm extractEntry examples/IntradayBarRequest.js
350 silly gunzTarPerm modified mode [ 'examples/IntradayBarRequest.js', 438, 420 ]
351 silly gunzTarPerm extractEntry examples/Console.js
352 silly gunzTarPerm modified mode [ 'examples/Console.js', 438, 420 ]
353 silly gunzTarPerm extractEntry examples/MarketBarSubscription.js
354 silly gunzTarPerm modified mode [ 'examples/MarketBarSubscription.js', 438, 420 ]
355 silly gunzTarPerm extractEntry examples/MarketSubscription.js
356 silly gunzTarPerm modified mode [ 'examples/MarketSubscription.js', 438, 420 ]
357 silly gunzTarPerm extractEntry examples/MarketSubUnsubscription.js
358 silly gunzTarPerm modified mode [ 'examples/MarketSubUnsubscription.js', 438, 420 ]
359 silly gunzTarPerm extractEntry examples/MarketVwapSubscription.js
360 silly gunzTarPerm modified mode [ 'examples/MarketVwapSubscription.js', 438, 420 ]
361 silly gunzTarPerm extractEntry examples/OptionChain.js
362 silly gunzTarPerm modified mode [ 'examples/OptionChain.js', 438, 420 ]
363 silly gunzTarPerm extractEntry examples/IntradayTickRequest.js
364 silly gunzTarPerm modified mode [ 'examples/IntradayTickRequest.js', 438, 420 ]
365 silly lockFile a0a66bdf-b-BoilerMake-node-modules-blpapi tar://C:\Users\John-Laptop\Documents\GitHub\BoilerMake\node_modules\blpapi
366 silly lockFile a0a66bdf-b-BoilerMake-node-modules-blpapi tar://C:\Users\John-Laptop\Documents\GitHub\BoilerMake\node_modules\blpapi
367 silly lockFile fca413df-m-cache-blpapi-0-1-6-package-tgz tar://C:\Users\John-Laptop\AppData\Roaming\npm-cache\blpapi\0.1.6\package.tgz
368 silly lockFile fca413df-m-cache-blpapi-0-1-6-package-tgz tar://C:\Users\John-Laptop\AppData\Roaming\npm-cache\blpapi\0.1.6\package.tgz
369 info preinstall blpapi@0.1.6
370 verbose readDependencies using package.json deps
371 verbose readDependencies using package.json deps
372 silly resolved []
373 verbose about to build C:\Users\John-Laptop\Documents\GitHub\BoilerMake\node_modules\blpapi
374 info build C:\Users\John-Laptop\Documents\GitHub\BoilerMake\node_modules\blpapi
375 verbose linkStuff [ false,
375 verbose linkStuff   false,
375 verbose linkStuff   false,
375 verbose linkStuff   'C:\\Users\\John-Laptop\\Documents\\GitHub\\BoilerMake\\node_modules' ]
376 info linkStuff blpapi@0.1.6
377 verbose linkBins blpapi@0.1.6
378 verbose linkMans blpapi@0.1.6
379 verbose rebuildBundles blpapi@0.1.6
380 info install blpapi@0.1.6
381 verbose unsafe-perm in lifecycle true
382 info blpapi@0.1.6 Failed to exec install script
383 info C:\Users\John-Laptop\Documents\GitHub\BoilerMake\node_modules\blpapi unbuild
384 info preuninstall blpapi@0.1.6
385 info uninstall blpapi@0.1.6
386 verbose true,C:\Users\John-Laptop\Documents\GitHub\BoilerMake\node_modules,C:\Users\John-Laptop\Documents\GitHub\BoilerMake\node_modules unbuild blpapi@0.1.6
387 info postuninstall blpapi@0.1.6
388 error blpapi@0.1.6 install: `node-gyp configure build`
388 error Exit status 1
389 error Failed at the blpapi@0.1.6 install script.
389 error This is most likely a problem with the blpapi package,
389 error not with npm itself.
389 error Tell the author that this fails on your system:
389 error     node-gyp configure build
389 error You can get their info via:
389 error     npm owner ls blpapi
389 error There is likely additional logging output above.
390 error System Windows_NT 6.2.9200
391 error command "C:\\Program Files\\nodejs\\\\node.exe" "C:\\Program Files\\nodejs\\node_modules\\npm\\bin\\npm-cli.js" "install" "blpapi"
392 error cwd C:\Users\John-Laptop\Documents\GitHub\BoilerMake
393 error node -v v0.10.25
394 error npm -v 1.3.24
395 error code ELIFECYCLE
396 verbose exit [ 1, true ]
